   0   0  0     1.000000   1.000000
   1   1  0     1.000000   1.000000
   2   2  0     1.000000   1.000000
   3   3  0     1.000000   1.000000
   4   4  0     1.000000   1.000000
   5   5  0     1.000000   1.000000
   6   6  0     1.000000   1.000000
   7   7  0     1.000000   1.000000
   8   8  0     1.000000   1.000000
   9   9  0     1.000545   1.000545
  10  10  0     1.000600   1.000600
  11  11  0     1.000901   1.000901
  12  12  0     1.000824   1.000824
  13  13  0     1.002595   1.002595
  14  14  0     1.002402   1.002402
  15  15  0     1.003468   1.003468
  16  16  0     1.002225   1.002225
  17  17  0     1.000592   1.000592
  18  18  0     1.000077   1.000077
  19  19  0     1.000000   1.000000
  20  20  0     1.000000   1.000000
  21  21  0     1.000000   1.000000
  22  22  0     1.000000   1.000000
  23  23  0     1.000000   1.000000
  24  24  0     1.000000   1.000000
  25  25  0     1.000000   1.000000
  26  26  0     1.000000   1.000000
  27  27  0     1.000000   1.000000
  28   0  1     1.000000   1.000000
  29   1  1     1.000000   1.000000
  30   2  1     1.000000   1.000000
  31   3  1     1.000000   1.000000
  32   4  1     1.000000   1.000000
  33   5  1     1.000000   1.000000
  34   6  1     1.000000   1.000000
  35   7  1     1.000000   1.000000
  36   8  1     1.001263   1.001263
  37   9  1     1.001530   1.001530
  38  10  1     1.001152   1.001152
  39  11  1     1.002146   1.002146
  40  12  1     1.002929   1.002929
  41  13  1     1.002900   1.002900
  42  14  1     1.004460   1.004460
  43  15  1     1.004750   1.004750
  44  16  1     1.001957   1.001957
  45  17  1     1.002807   1.002807
  46  18  1     1.001015   1.001015
  47  19  1     1.001449   1.001449
  48  20  1     1.000000   1.000000
  49  21  1     1.000000   1.000000
  50  22  1     1.000000   1.000000
  51  23  1     1.000000   1.000000
  52  24  1     1.000000   1.000000
  53  25  1     1.000000   1.000000
  54  26  1     1.000000   1.000000
  55  27  1     1.000000   1.000000
  56   0  2     1.000000   1.000000
  57   1  2     1.000000   1.000000
  58   2  2     1.000000   1.000000
  59   3  2     1.000000   1.000000
  60   4  2     1.000000   1.000000
  61   5  2     1.000000   1.000000
  62   6  2     1.002975   1.002975
  63   7  2     1.001866   1.001866
  64   8  2     1.003562   1.003562
  65   9  2     1.005073   1.005073
  66  10  2     1.007213   1.007213
  67  11  2     1.010767   1.010767
  68  12  2     1.015594   1.015594
  69  13  2     1.012020   1.012020
  70  14  2     1.013114   1.013114
  71  15  2     1.010002   1.010002
  72  16  2     1.008808   1.008808
  73  17  2     1.008404   1.008404
  74  18  2     1.004629   1.004629
  75  19  2     1.003122   1.003122
  76  20  2     1.013089   1.013089
  77  21  2     1.000461   1.000461
  78  22  2     1.000000   1.000000
  79  23  2     1.000000   1.000000
  80  24  2     1.000000   1.000000
  81  25  2     1.000000   1.000000
  82  26  2     1.000000   1.000000
  83  27  2     1.000000   1.000000
  84   0  3     1.000000   1.000000
  85   1  3     1.000000   1.000000
  86   2  3     1.000000   1.000000
  87   3  3     1.000000   1.000000
  88   4  3     1.000000   1.000000
  89   5  3     1.002564   1.002564
  90   6  3     1.004247   1.004247
  91   7  3     1.002475   1.002475
  92   8  3     1.006654   1.006654
  93   9  3     1.011881   1.011881
  94  10  3     1.013606   1.013606
  95  11  3     1.018187   1.018187
  96  12  3     1.029204   1.029204
  97  13  3     1.014634   1.014634
  98  14  3     1.013118   1.013118
  99  15  3     1.012796   1.012796
 100  16  3     1.017034   1.017034
 101  17  3     1.016433   1.016433
 102  18  3     1.014161   1.014161
 103  19  3     1.005561   1.005561
 104  20  3     1.006876   1.006876
 105  21  3     1.002859   1.002859
 106  22  3     1.001325   1.001325
 107  23  3     1.000000   1.000000
 108  24  3     1.000000   1.000000
 109  25  3     1.000000   1.000000
 110  26  3     1.000000   1.000000
 111  27  3     1.000000   1.000000
 112   0  4     1.000000   1.000000
 113   1  4     1.000000   1.000000
 114   2  4     1.000000   1.000000
 115   3  4     1.000000   1.000000
 116   4  4     1.000815   1.000815
 117   5  4     1.003006   1.003006
 118   6  4     1.004792   1.004792
 119   7  4     1.012123   1.012123
 120   8  4     1.016401   1.016401
 121   9  4     1.023841   1.023841
 122  10  4     1.032044   1.032044
 123  11  4     1.038460   1.038460
 124  12  4     1.050120   1.050120
 125  13  4     1.025752   1.025752
 126  14  4     1.013264   1.013264
 127  15  4     1.025480   1.025480
 128  16  4     1.034691   1.034691
 129  17  4     1.038013   1.038013
 130  18  4     1.019751   1.019751
 131  19  4     1.010855   1.010855
 132  20  4     1.003643   1.003643
 133  21  4     1.004512   1.004512
 134  22  4     1.003324   1.003324
 135  23  4     1.008341   1.008341
 136  24  4     1.000000   1.000000
 137  25  4     1.000000   1.000000
 138  26  4     1.000000   1.000000
 139  27  4     1.000000   1.000000
 140   0  5     1.000000   1.000000
 141   1  5     1.000000   1.000000
 142   2  5     1.000000   1.000000
 143   3  5     1.001751   1.001751
 144   4  5     1.002024   1.002024
 145   5  5     1.004223   1.004223
 146   6  5     1.007836   1.007836
 147   7  5     1.015606   1.015606
 148   8  5     1.030757   1.030757
 149   9  5     1.045295   1.045295
 150  10  5     1.049327   1.049327
 151  11  5     1.049935   1.049935
 152  12  5     1.046181   1.046181
 153  13  5     1.030112   1.030112
 154  14  5     1.031009   1.031009
 155  15  5     1.043683   1.043683
 156  16  5     1.053520   1.053520
 157  17  5     1.075644   1.075644
 158  18  5     1.036109   1.036109
 159  19  5     1.021685   1.021685
 160  20  5     1.014293   1.014293
 161  21  5     1.005444   1.005444
 162  22  5     1.008992   1.008992
 163  23  5     1.003482   1.003482
 164  24  5     1.003851   1.003851
 165  25  5     1.000000   1.000000
 166  26  5     1.000000   1.000000
 167  27  5     1.000000   1.000000
 168   0  6     1.000000   1.000000
 169   1  6     1.000000   1.000000
 170   2  6     1.000498   1.000498
 171   3  6     1.001280   1.001280
 172   4  6     1.003512   1.003512
 173   5  6     1.012125   1.012125
 174   6  6     1.018317   1.018317
 175   7  6     1.023024   1.023024
 176   8  6     1.052318   1.052318
 177   9  6     1.056332   1.056332
 178  10  6     1.049197   1.049197
 179  11  6     1.040419   1.040419
 180  12  6     1.036724   1.036724
 181  13  6     1.043951   1.043951
 182  14  6     1.051232   1.051232
 183  15  6     1.044092   1.044092
 184  16  6     1.062263   1.062263
 185  17  6     1.069698   1.069698
 186  18  6     1.056685   1.056685
 187  19  6     1.030875   1.030875
 188  20  6     1.011927   1.011927
 189  21  6     1.006688   1.006688
 190  22  6     1.007682   1.007682
 191  23  6     1.003251   1.003251
 192  24  6     1.003813   1.003813
 193  25  6     1.001271   1.001271
 194  26  6     1.000000   1.000000
 195  27  6     1.000000   1.000000
 196   0  7     1.000000   1.000000
 197   1  7     1.000000   1.000000
 198   2  7     1.000792   1.000792
 199   3  7     1.002037   1.002037
 200   4  7     1.011223   1.011223
 201   5  7     1.026395   1.026395
 202   6  7     1.027377   1.027377
 203   7  7     1.030455   1.030455
 204   8  7     1.037581   1.037581
 205   9  7     1.057615   1.057615
 206  10  7     1.047846   1.047846
 207  11  7     1.015510   1.015510
 208  12  7     0.996170   0.996170
 209  13  7     1.030175   1.030175
 210  14  7     1.039479   1.039479
 211  15  7     0.984547   0.984547
 212  16  7     0.997365   0.997365
 213  17  7     1.016987   1.016987
 214  18  7     1.075408   1.075408
 215  19  7     1.030838   1.030838
 216  20  7     0.986768   0.986768
 217  21  7     1.007581   1.007581
 218  22  7     1.008694   1.008694
 219  23  7     1.007249   1.007249
 220  24  7     1.002137   1.002137
 221  25  7     1.001151   1.001151
 222  26  7     1.000000   1.000000
 223  27  7     1.000000   1.000000
 224   0  8     1.000000   1.000000
 225   1  8     1.003295   1.003295
 226   2  8     1.005677   1.005677
 227   3  8     1.007372   1.007372
 228   4  8     1.017439   1.017439
 229   5  8     1.025002   1.025002
 230   6  8     1.045878   1.045878
 231   7  8     1.023524   1.023524
 232   8  8     1.008580   1.008580
 233   9  8     1.039150   1.039150
 234  10  8     1.030812   1.030812
 235  11  8     1.004415   1.004415
 236  12  8     0.984097   0.984097
 237  13  8     1.001222   1.001222
 238  14  8     0.999358   0.999358
 239  15  8     0.956610   0.956610
 240  16  8     0.994289   0.994289
 241  17  8     0.999379   0.999379
 242  18  8     1.053380   1.053380
 243  19  8     1.006781   1.006781
 244  20  8     1.016241   1.016241
 245  21  8     1.030483   1.030483
 246  22  8     1.022674   1.022674
 247  23  8     1.015261   1.015261
 248  24  8     1.004345   1.004345
 249  25  8     1.001727   1.001727
 250  26  8     1.000418   1.000418
 251  27  8     1.000000   1.000000
 252   0  9     1.000388   1.000388
 253   1  9     1.002953   1.002953
 254   2  9     1.008425   1.008425
 255   3  9     1.014091   1.014091
 256   4  9     1.019438   1.019438
 257   5  9     1.043831   1.043831
 258   6  9     1.066965   1.066965
 259   7  9     1.017374   1.017374
 260   8  9     0.988120   0.988120
 261   9  9     1.049041   1.049041
 262  10  9     1.021672   1.021672
 263  11  9     0.998593   0.998593
 264  12  9     1.007175   1.007175
 265  13  9     0.973393   0.973393
 266  14  9     0.992132   0.992132
 267  15  9     0.998584   0.998584
 268  16  9     1.068338   1.068338
 269  17  9     1.018267   1.018267
 270  18  9     0.975400   0.975400
 271  19  9     1.032872   1.032872
 272  20  9     1.094429   1.094429
 273  21  9     1.058654   1.058654
 274  22  9     1.031923   1.031923
 275  23  9     1.017848   1.017848
 276  24  9     1.008033   1.008033
 277  25  9     1.003004   1.003004
 278  26  9     1.001854   1.001854
 279  27  9     1.000170   1.000170
 280   0 10     1.001521   1.001521
 281   1 10     1.003299   1.003299
 282   2 10     1.017857   1.017857
 283   3 10     1.026333   1.026333
 284   4 10     1.030747   1.030747
 285   5 10     1.039674   1.039674
 286   6 10     1.073753   1.073753
 287   7 10     1.068939   1.068939
 288   8 10     0.987873   0.987873
 289   9 10     1.048009   1.048009
 290  10 10     0.999350   0.999350
 291  11 10     1.043497   1.043497
 292  12 10     0.973637   0.973637
 293  13 10     1.047361   1.047361
 294  14 10     1.000109   1.000109
 295  15 10     1.020303   1.020303
 296  16 10     0.965484   0.965484
 297  17 10     1.039556   1.039556
 298  18 10     1.022447   1.022447
 299  19 10     1.059542   1.059542
 300  20 10     1.088826   1.088826
 301  21 10     1.067420   1.067420
 302  22 10     1.026543   1.026543
 303  23 10     1.006373   1.006373
 304  24 10     1.004807   1.004807
 305  25 10     1.001836   1.001836
 306  26 10     1.000433   1.000433
 307  27 10     1.000206   1.000206
 308   0 11     1.003481   1.003481
 309   1 11     1.005205   1.005205
 310   2 11     1.030538   1.030538
 311   3 11     1.035563   1.035563
 312   4 11     1.016052   1.016052
 313   5 11     1.031503   1.031503
 314   6 11     1.055577   1.055577
 315   7 11     1.083021   1.083021
 316   8 11     1.016251   1.016251
 317   9 11     0.987712   0.987712
 318  10 11     1.014433   1.014433
 319  11 11     0.988888   0.988888
 320  12 11     0.935324   0.935324
 321  13 11     0.950395   0.950395
 322  14 11     1.007461   1.007461
 323  15 11     0.939986   0.939986
 324  16 11     0.968577   0.968577
 325  17 11     0.985665   0.985665
 326  18 11     1.036453   1.036453
 327  19 11     1.000557   1.000557
 328  20 11     0.965087   0.965087
 329  21 11     0.991241   0.991241
 330  22 11     1.002932   1.002932
 331  23 11     1.012471   1.012471
 332  24 11     1.003393   1.003393
 333  25 11     1.000339   1.000339
 334  26 11     0.999992   0.999992
 335  27 11     1.000214   1.000214
 336   0 12     1.003928   1.003928
 337   1 12     1.006727   1.006727
 338   2 12     1.013439   1.013439
 339   3 12     1.023393   1.023393
 340   4 12     1.015805   1.015805
 341   5 12     1.022105   1.022105
 342   6 12     1.035655   1.035655
 343   7 12     1.028123   1.028123
 344   8 12     0.978544   0.978544
 345   9 12     0.990135   0.990135
 346  10 12     0.974076   0.974076
 347  11 12     0.995683   0.995683
 348  12 12     1.009245   1.009245
 349  13 12     0.998250   0.998250
 350  14 12     1.000095   1.000095
 351  15 12     1.056051   1.056051
 352  16 12     0.954964   0.954964
 353  17 12     0.981330   0.981330
 354  18 12     0.945846   0.945846
 355  19 12     1.040208   1.040208
 356  20 12     1.040443   1.040443
 357  21 12     1.045692   1.045692
 358  22 12     1.031138   1.031138
 359  23 12     1.004383   1.004383
 360  24 12     0.998824   0.998824
 361  25 12     0.999579   0.999579
 362  26 12     1.000411   1.000411
 363  27 12     1.000086   1.000086
 364   0 13     1.006818   1.006818
 365   1 13     1.010332   1.010332
 366   2 13     1.023383   1.023383
 367   3 13     1.021040   1.021040
 368   4 13     1.046914   1.046914
 369   5 13     1.076620   1.076620
 370   6 13     1.073848   1.073848
 371   7 13     1.098381   1.098381
 372   8 13     1.030373   1.030373
 373   9 13     0.965922   0.965922
 374  10 13     1.027307   1.027307
 375  11 13     0.961749   0.961749
 376  12 13     0.999580   0.999580
 377  13 13     1.000000   1.000000
 378  14 13     1.000000   1.000000
 379  15 13     1.000642   1.000642
 380  16 13     1.017566   1.017566
 381  17 13     1.018051   1.018051
 382  18 13     0.966603   0.966603
 383  19 13     0.988149   0.988149
 384  20 13     1.029357   1.029357
 385  21 13     1.017186   1.017186
 386  22 13     1.014468   1.014468
 387  23 13     1.015985   1.015985
 388  24 13     1.010118   1.010118
 389  25 13     1.006576   1.006576
 390  26 13     1.000419   1.000419
 391  27 13     1.000869   1.000869
 392   0 14     1.000518   1.000518
 393   1 14     1.006597   1.006597
 394   2 14     1.013308   1.013308
 395   3 14     1.019052   1.019052
 396   4 14     1.037034   1.037034
 397   5 14     1.068180   1.068180
 398   6 14     1.028367   1.028367
 399   7 14     0.949109   0.949109
 400   8 14     0.952695   0.952695
 401   9 14     0.993241   0.993241
 402  10 14     1.045687   1.045687
 403  11 14     0.986679   0.986679
 404  12 14     1.000778   1.000778
 405  13 14     1.000000   1.000000
 406  14 14     1.000000   1.000000
 407  15 14     1.000317   1.000317
 408  16 14     0.964987   0.964987
 409  17 14     1.031975   1.031975
 410  18 14     0.966462   0.966462
 411  19 14     1.014997   1.014997
 412  20 14     1.044372   1.044372
 413  21 14     1.101756   1.101756
 414  22 14     1.057190   1.057190
 415  23 14     1.041447   1.041447
 416  24 14     1.023262   1.023262
 417  25 14     1.008090   1.008090
 418  26 14     1.003237   1.003237
 419  27 14     1.001260   1.001260
 420   0 15     1.001823   1.001823
 421   1 15     1.002447   1.002447
 422   2 15     1.009399   1.009399
 423   3 15     1.014942   1.014942
 424   4 15     1.020840   1.020840
 425   5 15     1.049012   1.049012
 426   6 15     1.042286   1.042286
 427   7 15     1.053862   1.053862
 428   8 15     1.075046   1.075046
 429   9 15     0.965808   0.965808
 430  10 15     0.927640   0.927640
 431  11 15     0.989249   0.989249
 432  12 15     1.097393   1.097393
 433  13 15     1.000625   1.000625
 434  14 15     0.999472   0.999472
 435  15 15     1.005454   1.005454
 436  16 15     1.025192   1.025192
 437  17 15     1.008597   1.008597
 438  18 15     0.995609   0.995609
 439  19 15     1.039978   1.039978
 440  20 15     1.005182   1.005182
 441  21 15     0.997094   0.997094
 442  22 15     1.011062   1.011062
 443  23 15     1.016395   1.016395
 444  24 15     1.007171   1.007171
 445  25 15     1.004790   1.004790
 446  26 15     1.001110   1.001110
 447  27 15     1.000476   1.000476
 448   0 16     1.001314   1.001314
 449   1 16     1.002705   1.002705
 450   2 16     1.011772   1.011772
 451   3 16     1.033140   1.033140
 452   4 16     1.040043   1.040043
 453   5 16     1.042301   1.042301
 454   6 16     1.037158   1.037158
 455   7 16     1.039675   1.039675
 456   8 16     1.032256   1.032256
 457   9 16     0.995091   0.995091
 458  10 16     1.000491   1.000491
 459  11 16     1.032898   1.032898
 460  12 16     0.964232   0.964232
 461  13 16     0.994354   0.994354
 462  14 16     0.979857   0.979857
 463  15 16     0.960345   0.960345
 464  16 16     0.978687   0.978687
 465  17 16     0.969499   0.969499
 466  18 16     0.962394   0.962394
 467  19 16     1.018646   1.018646
 468  20 16     1.060504   1.060504
 469  21 16     1.016379   1.016379
 470  22 16     1.005278   1.005278
 471  23 16     1.021615   1.021615
 472  24 16     1.015921   1.015921
 473  25 16     1.014876   1.014876
 474  26 16     1.003387   1.003387
 475  27 16     1.001337   1.001337
 476   0 17     1.000685   1.000685
 477   1 17     1.002873   1.002873
 478   2 17     1.013574   1.013574
 479   3 17     1.023756   1.023756
 480   4 17     1.046769   1.046769
 481   5 17     1.045125   1.045125
 482   6 17     1.055158   1.055158
 483   7 17     1.023543   1.023543
 484   8 17     1.017900   1.017900
 485   9 17     1.072648   1.072648
 486  10 17     0.989432   0.989432
 487  11 17     0.970877   0.970877
 488  12 17     0.928882   0.928882
 489  13 17     0.989086   0.989086
 490  14 17     0.954550   0.954550
 491  15 17     0.990392   0.990392
 492  16 17     1.041977   1.041977
 493  17 17     1.018855   1.018855
 494  18 17     1.021618   1.021618
 495  19 17     0.932471   0.932471
 496  20 17     1.092758   1.092758
 497  21 17     1.099050   1.099050
 498  22 17     1.050236   1.050236
 499  23 17     1.022125   1.022125
 500  24 17     1.011978   1.011978
 501  25 17     1.019617   1.019617
 502  26 17     1.000520   1.000520
 503  27 17     1.004442   1.004442
 504   0 18     1.000655   1.000655
 505   1 18     1.002885   1.002885
 506   2 18     1.008894   1.008894
 507   3 18     1.032015   1.032015
 508   4 18     1.038375   1.038375
 509   5 18     1.048408   1.048408
 510   6 18     1.069568   1.069568
 511   7 18     1.034180   1.034180
 512   8 18     0.998346   0.998346
 513   9 18     1.013036   1.013036
 514  10 18     0.987745   0.987745
 515  11 18     0.974646   0.974646
 516  12 18     0.982387   0.982387
 517  13 18     0.979883   0.979883
 518  14 18     0.978485   0.978485
 519  15 18     0.975924   0.975924
 520  16 18     1.008122   1.008122
 521  17 18     1.056581   1.056581
 522  18 18     1.031521   1.031521
 523  19 18     0.975330   0.975330
 524  20 18     1.051024   1.051024
 525  21 18     1.102765   1.102765
 526  22 18     1.075055   1.075055
 527  23 18     1.031143   1.031143
 528  24 18     1.007816   1.007816
 529  25 18     1.006296   1.006296
 530  26 18     1.000066   1.000066
 531  27 18     1.000245   1.000245
 532   0 19     1.000000   1.000000
 533   1 19     1.002090   1.002090
 534   2 19     1.003103   1.003103
 535   3 19     1.013834   1.013834
 536   4 19     1.026895   1.026895
 537   5 19     1.032718   1.032718
 538   6 19     1.045607   1.045607
 539   7 19     1.057264   1.057264
 540   8 19     1.066318   1.066318
 541   9 19     1.086474   1.086474
 542  10 19     1.050471   1.050471
 543  11 19     1.029961   1.029961
 544  12 19     1.047824   1.047824
 545  13 19     1.001757   1.001757
 546  14 19     1.025518   1.025518
 547  15 19     0.987869   0.987869
 548  16 19     1.046483   1.046483
 549  17 19     1.028877   1.028877
 550  18 19     1.040614   1.040614
 551  19 19     1.076149   1.076149
 552  20 19     1.078380   1.078380
 553  21 19     1.073143   1.073143
 554  22 19     1.052055   1.052055
 555  23 19     1.035766   1.035766
 556  24 19     1.006607   1.006607
 557  25 19     1.002417   1.002417
 558  26 19     1.000934   1.000934
 559  27 19     1.000000   1.000000
 560   0 20     1.000000   1.000000
 561   1 20     1.000000   1.000000
 562   2 20     1.002833   1.002833
 563   3 20     1.002258   1.002258
 564   4 20     1.010367   1.010367
 565   5 20     1.020113   1.020113
 566   6 20     1.029907   1.029907
 567   7 20     1.048537   1.048537
 568   8 20     1.091570   1.091570
 569   9 20     1.087023   1.087023
 570  10 20     1.024161   1.024161
 571  11 20     1.002231   1.002231
 572  12 20     1.023632   1.023632
 573  13 20     0.987828   0.987828
 574  14 20     1.059512   1.059512
 575  15 20     1.000808   1.000808
 576  16 20     1.019388   1.019388
 577  17 20     0.967765   0.967765
 578  18 20     0.966814   0.966814
 579  19 20     1.049452   1.049452
 580  20 20     1.071131   1.071131
 581  21 20     1.045950   1.045950
 582  22 20     1.031088   1.031088
 583  23 20     1.017870   1.017870
 584  24 20     1.006242   1.006242
 585  25 20     1.004023   1.004023
 586  26 20     1.000000   1.000000
 587  27 20     1.000000   1.000000
 588   0 21     1.000000   1.000000
 589   1 21     1.000000   1.000000
 590   2 21     1.000438   1.000438
 591   3 21     1.001773   1.001773
 592   4 21     1.003440   1.003440
 593   5 21     1.009148   1.009148
 594   6 21     1.021990   1.021990
 595   7 21     1.038393   1.038393
 596   8 21     1.056132   1.056132
 597   9 21     1.032604   1.032604
 598  10 21     1.014482   1.014482
 599  11 21     1.034582   1.034582
 600  12 21     1.051825   1.051825
 601  13 21     1.005438   1.005438
 602  14 21     1.052534   1.052534
 603  15 21     1.007329   1.007329
 604  16 21     1.040366   1.040366
 605  17 21     1.045027   1.045027
 606  18 21     0.975836   0.975836
 607  19 21     1.008341   1.008341
 608  20 21     1.044109   1.044109
 609  21 21     1.052915   1.052915
 610  22 21     1.019281   1.019281
 611  23 21     1.007447   1.007447
 612  24 21     1.005376   1.005376
 613  25 21     1.001699   1.001699
 614  26 21     1.000000   1.000000
 615  27 21     1.000000   1.000000
 616   0 22     1.000000   1.000000
 617   1 22     1.000000   1.000000
 618   2 22     1.000000   1.000000
 619   3 22     1.002417   1.002417
 620   4 22     1.006314   1.006314
 621   5 22     1.006856   1.006856
 622   6 22     1.010547   1.010547
 623   7 22     1.012544   1.012544
 624   8 22     1.020346   1.020346
 625   9 22     1.021950   1.021950
 626  10 22     1.019974   1.019974
 627  11 22     1.072821   1.072821
 628  12 22     1.093998   1.093998
 629  13 22     1.038008   1.038008
 630  14 22     1.026254   1.026254
 631  15 22     1.024573   1.024573
 632  16 22     1.072485   1.072485
 633  17 22     1.095882   1.095882
 634  18 22     1.029444   1.029444
 635  19 22     1.014917   1.014917
 636  20 22     1.031814   1.031814
 637  21 22     1.028116   1.028116
 638  22 22     1.014350   1.014350
 639  23 22     1.012365   1.012365
 640  24 22     1.004906   1.004906
 641  25 22     1.000000   1.000000
 642  26 22     1.000000   1.000000
 643  27 22     1.000000   1.000000
 644   0 23     1.000000   1.000000
 645   1 23     1.000000   1.000000
 646   2 23     1.000000   1.000000
 647   3 23     1.000000   1.000000
 648   4 23     1.003664   1.003664
 649   5 23     1.005169   1.005169
 650   6 23     1.005291   1.005291
 651   7 23     1.011569   1.011569
 652   8 23     1.013420   1.013420
 653   9 23     1.019807   1.019807
 654  10 23     1.015981   1.015981
 655  11 23     1.054185   1.054185
 656  12 23     1.063486   1.063486
 657  13 23     1.043337   1.043337
 658  14 23     1.023679   1.023679
 659  15 23     1.015128   1.015128
 660  16 23     1.054613   1.054613
 661  17 23     1.055653   1.055653
 662  18 23     1.027449   1.027449
 663  19 23     1.016685   1.016685
 664  20 23     1.013144   1.013144
 665  21 23     1.006651   1.006651
 666  22 23     1.012334   1.012334
 667  23 23     1.007066   1.007066
 668  24 23     1.000000   1.000000
 669  25 23     1.000000   1.000000
 670  26 23     1.000000   1.000000
 671  27 23     1.000000   1.000000
 672   0 24     1.000000   1.000000
 673   1 24     1.000000   1.000000
 674   2 24     1.000000   1.000000
 675   3 24     1.000000   1.000000
 676   4 24     1.000000   1.000000
 677   5 24     1.002334   1.002334
 678   6 24     1.003147   1.003147
 679   7 24     1.004277   1.004277
 680   8 24     1.006592   1.006592
 681   9 24     1.013225   1.013225
 682  10 24     1.015196   1.015196
 683  11 24     1.022204   1.022204
 684  12 24     1.029763   1.029763
 685  13 24     1.025939   1.025939
 686  14 24     1.026201   1.026201
 687  15 24     1.012043   1.012043
 688  16 24     1.022216   1.022216
 689  17 24     1.023866   1.023866
 690  18 24     1.013628   1.013628
 691  19 24     1.008002   1.008002
 692  20 24     1.003202   1.003202
 693  21 24     1.002910   1.002910
 694  22 24     1.002184   1.002184
 695  23 24     1.000000   1.000000
 696  24 24     1.000000   1.000000
 697  25 24     1.000000   1.000000
 698  26 24     1.000000   1.000000
 699  27 24     1.000000   1.000000
 700   0 25     1.000000   1.000000
 701   1 25     1.000000   1.000000
 702   2 25     1.000000   1.000000
 703   3 25     1.000000   1.000000
 704   4 25     1.000000   1.000000
 705   5 25     1.000000   1.000000
 706   6 25     1.001140   1.001140
 707   7 25     1.001585   1.001585
 708   8 25     1.003140   1.003140
 709   9 25     1.006107   1.006107
 710  10 25     1.006131   1.006131
 711  11 25     1.008696   1.008696
 712  12 25     1.007965   1.007965
 713  13 25     1.010762   1.010762
 714  14 25     1.015229   1.015229
 715  15 25     1.008981   1.008981
 716  16 25     1.005744   1.005744
 717  17 25     1.004517   1.004517
 718  18 25     1.003480   1.003480
 719  19 25     1.003263   1.003263
 720  20 25     1.002847   1.002847
 721  21 25     1.001185   1.001185
 722  22 25     1.000000   1.000000
 723  23 25     1.000000   1.000000
 724  24 25     1.000000   1.000000
 725  25 25     1.000000   1.000000
 726  26 25     1.000000   1.000000
 727  27 25     1.000000   1.000000
 728   0 26     1.000000   1.000000
 729   1 26     1.000000   1.000000
 730   2 26     1.000000   1.000000
 731   3 26     1.000000   1.000000
 732   4 26     1.000000   1.000000
 733   5 26     1.000000   1.000000
 734   6 26     1.000000   1.000000
 735   7 26     1.000000   1.000000
 736   8 26     1.002117   1.002117
 737   9 26     1.001467   1.001467
 738  10 26     1.002395   1.002395
 739  11 26     1.003189   1.003189
 740  12 26     1.004249   1.004249
 741  13 26     1.010000   1.010000
 742  14 26     1.007335   1.007335
 743  15 26     1.008942   1.008942
 744  16 26     1.000881   1.000881
 745  17 26     1.001331   1.001331
 746  18 26     1.000793   1.000793
 747  19 26     1.001506   1.001506
 748  20 26     1.000000   1.000000
 749  21 26     1.000000   1.000000
 750  22 26     1.000000   1.000000
 751  23 26     1.000000   1.000000
 752  24 26     1.000000   1.000000
 753  25 26     1.000000   1.000000
 754  26 26     1.000000   1.000000
 755  27 26     1.000000   1.000000
 756   0 27     1.000000   1.000000
 757   1 27     1.000000   1.000000
 758   2 27     1.000000   1.000000
 759   3 27     1.000000   1.000000
 760   4 27     1.000000   1.000000
 761   5 27     1.000000   1.000000
 762   6 27     1.000000   1.000000
 763   7 27     1.000000   1.000000
 764   8 27     1.000000   1.000000
 765   9 27     1.000471   1.000471
 766  10 27     1.000059   1.000059
 767  11 27     1.000995   1.000995
 768  12 27     1.002986   1.002986
 769  13 27     1.000000   1.000000
 770  14 27     1.004168   1.004168
 771  15 27     1.000000   1.000000
 772  16 27     1.000391   1.000391
 773  17 27     0.999929   0.999929
 774  18 27     1.000057   1.000057
 775  19 27     1.000000   1.000000
 776  20 27     1.000000   1.000000
 777  21 27     1.000000   1.000000
 778  22 27     1.000000   1.000000
 779  23 27     1.000000   1.000000
 780  24 27     1.000000   1.000000
 781  25 27     1.000000   1.000000
 782  26 27     1.000000   1.000000
 783  27 27     1.000000   1.000000
